[02:22:57] Loading data …
  n=118, features=2813, R=64, NR=54
  cohorts: {'cohort2': 40, 'cohort1': 39, 'cohort3': 39}
  EN grid: 9, RF grid: 6, XGB grid (full): 8

[02:22:57] Timing probe: running 3 outer folds with full grids …
  3 folds in 34.6s  →  11.5s/fold  →  projected total: 0.38h
  [OK] Runtime within budget — using full XGB grid (8 configs).
  Inner fits per outer fold: EN=45, RF=30, XGB=40  total=115

[02:23:31] Starting nested LOOCV (118 outer folds) …
  fold   1/118  EN=0.032(NR)  RF=0.608(R)  XGB=0.894(R)  actual=R  elapsed=12s  ETA=1365s
  fold  10/118  EN=0.373(NR)  RF=0.636(R)  XGB=0.774(R)  actual=NR  elapsed=116s  ETA=1252s
  fold  20/118  EN=0.414(NR)  RF=0.407(NR)  XGB=0.371(NR)  actual=R  elapsed=229s  ETA=1123s
  fold  30/118  EN=0.160(NR)  RF=0.669(R)  XGB=0.675(R)  actual=R  elapsed=340s  ETA=998s
  fold  40/118  EN=0.772(R)  RF=0.504(R)  XGB=0.624(R)  actual=R  elapsed=449s  ETA=876s
  fold  50/118  EN=0.948(R)  RF=0.708(R)  XGB=0.786(R)  actual=R  elapsed=559s  ETA=760s
  fold  60/118  EN=0.015(NR)  RF=0.457(NR)  XGB=0.346(NR)  actual=R  elapsed=669s  ETA=647s
  fold  70/118  EN=0.325(NR)  RF=0.514(R)  XGB=0.631(R)  actual=NR  elapsed=780s  ETA=535s
  fold  80/118  EN=0.851(R)  RF=0.315(NR)  XGB=0.300(NR)  actual=NR  elapsed=889s  ETA=422s
  fold  90/118  EN=0.300(NR)  RF=0.396(NR)  XGB=0.694(R)  actual=R  elapsed=1001s  ETA=311s
  fold 100/118  EN=0.055(NR)  RF=0.468(NR)  XGB=0.379(NR)  actual=R  elapsed=1111s  ETA=200s
  fold 110/118  EN=0.936(R)  RF=0.370(NR)  XGB=0.766(R)  actual=R  elapsed=1221s  ETA=89s
  fold 118/118  EN=0.931(R)  RF=0.325(NR)  XGB=0.348(NR)  actual=NR  elapsed=1309s  ETA=0s

[02:45:20] Nested LOOCV done in 21.8min

======================================================================
NESTED LOOCV RESULTS — n=118, 3-cohort, per-fold ComBat + feature selection
Inner 5-fold CV per outer fold | XGB grid: full
======================================================================
  Model                AUC     Acc    Sens    Spec  TP/FP/TN/FN
  -----------------------------------------------------------------
  ElasticNet        0.3380  0.3814  0.3750  0.3889  24/33/21/40
  RandomForest      0.5475  0.5508  0.7031  0.3704  45/34/20/19
  XGBoost           0.6169  0.6017  0.6406  0.5556  41/24/30/23 <- best

  Inner CV AUC (mean across outer folds):
    ElasticNet      : 0.3895 ± 0.0414
    RandomForest    : 0.4942 ± 0.0445
    XGBoost         : 0.5001 ± 0.0443

  Saved: results/ml/nested_cv/nested_cv_results.tsv
  Saved: results/ml/nested_cv/nested_cv_summary.tsv
  Saved: results/ml/nested_cv/nested_cv_best_params.tsv

  Consensus params for permutation test:
    ElasticNet  : C=100.0, l1_ratio=0.3
    RandomForest: n_est=200, depth=5
    XGBoost     : n_est=100, depth=2, lr=0.05

[02:45:20] Permutation test: N=100, fixed params (no inner tuning per perm) …
  Note: feature selection uses permuted labels (point-biserial on shuffled y) — no label leakage from real run.
  Observed AUC: EN=0.3380, RF=0.5475, XGB=0.6169
  perm   1/100  EN=0.4878 RF=0.5735 XGB=0.5741  elapsed=29s  ETA=2850s
  perm  10/100  EN=0.3938 RF=0.4679 XGB=0.6068  elapsed=279s  ETA=2509s
  perm  20/100  EN=0.4693 RF=0.5587 XGB=0.6603  elapsed=561s  ETA=2245s
  perm  30/100  EN=0.5249 RF=0.4511 XGB=0.4980  elapsed=846s  ETA=1973s
  perm  40/100  EN=0.4120 RF=0.5778 XGB=0.6638  elapsed=1124s  ETA=1687s
  perm  50/100  EN=0.3924 RF=0.4132 XGB=0.4239  elapsed=1406s  ETA=1406s
  perm  60/100  EN=0.4450 RF=0.5272 XGB=0.4482  elapsed=1687s  ETA=1125s
  perm  70/100  EN=0.4902 RF=0.3773 XGB=0.3562  elapsed=1967s  ETA=843s
  perm  80/100  EN=0.4213 RF=0.5359 XGB=0.4797  elapsed=2248s  ETA=562s
  perm  90/100  EN=0.6305 RF=0.5692 XGB=0.6768  elapsed=2530s  ETA=281s
  perm 100/100  EN=0.5498 RF=0.4983 XGB=0.5414  elapsed=2813s  ETA=0s

[03:32:14] Permutation test done in 46.9min

======================================================================
PERMUTATION TEST RESULTS
======================================================================
  Fixed consensus params | feature selection on permuted labels
  Model             Obs AUC  Perm mean  Perm std  p-value  Decision
  -----------------------------------------------------------------
  ElasticNet         0.3380     0.4818    0.0686   0.9900  not significant
  RandomForest       0.5475     0.4831    0.0735   0.2400  not significant
  XGBoost            0.6169     0.4931    0.0950   0.1000  not significant

  Saved: results/ml/nested_cv/permutation_test_nested.tsv
  Saved: results/ml/nested_cv/perm_aucs_nested.tsv

[03:32:14] ALL DONE. Total wall time: 69.3min
